[+] Containers:
 |- [+] Container: /Game/ShreddedPaper_minigame/Minigame
 |   |- [+] ActorDescs:
 |   |   |- Guid:03920DF94EEFC9F86CC66185D32A3DA1 NativeClass:/Script/Engine.StaticMeshActor Name:StaticMeshActor_UAID_A4AE111137DC54FB00_1240666663 Label:SM_SkySphere SpatiallyLoaded:false EditorBounds:IsValid=true, Min=(X=-1638400.000 Y=-1638400.000 Z=-1638400.000), Max=(X=1638400.000 Y=1638400.000 Z=1638400.000) RuntimeBounds:IsValid=true, Min=(X=-1638400.000 Y=-1638400.000 Z=-1638400.000), Max=(X=1638400.000 Y=1638400.000 Z=1638400.000) RuntimeGrid:None EditorOnly:false RuntimeOnly:false HLODRelevant:false ListedInSceneOutliner:true IsMainWorldOnly:true FolderPath:Lighting FolderGuid:B7E9BD5B45A652654791988DEF54CCEB
 |   |   |- Guid:102EFC9344640CDFFB68D5AE639B0BF0 NativeClass:/Script/Engine.StaticMeshActor Name:StaticMeshActor_UAID_646EE0F0B283573002_1758767513 Label:paperstrip15 SpatiallyLoaded:true EditorBounds:IsValid=true, Min=(X=-77.769 Y=13.894 Z=-8.012), Max=(X=21.836 Y=20.780 Z=-5.138) RuntimeBounds:IsValid=true, Min=(X=-77.769 Y=13.894 Z=-8.012), Max=(X=21.836 Y=20.780 Z=-5.138) RuntimeGrid:None EditorOnly:false RuntimeOnly:false HLODRelevant:false ListedInSceneOutliner:true IsMainWorldOnly:false
 |   |   |- Guid:1D3D26F04B6DC10BEFB5B69E5CF914C8 NativeClass:/Script/Engine.VolumetricCloud Name:VolumetricCloud_UAID_A85E45CFE40401D200_1470381760 Label:VolumetricCloud SpatiallyLoaded:false EditorBounds:IsValid=true, Min=(X=-128.000 Y=-128.000 Z=-128.000), Max=(X=128.000 Y=128.000 Z=128.000) RuntimeBounds:IsValid=true, Min=(X=0.000 Y=0.000 Z=0.000), Max=(X=0.000 Y=0.000 Z=0.000) RuntimeGrid:None EditorOnly:false RuntimeOnly:false HLODRelevant:false ListedInSceneOutliner:true IsMainWorldOnly:false FolderPath:Lighting FolderGuid:B7E9BD5B45A652654791988DEF54CCEB
 |   |   |- Guid:1DE8D7AC4103A2EABA11649C7FCF8ACA NativeClass:/Script/Engine.SkyLight Name:SkyLight_UAID_A85E45CFE40401D200_1470380759 Label:SkyLight SpatiallyLoaded:false EditorBounds:IsValid=true, Min=(X=-1.000 Y=-1.000 Z=-1.000), Max=(X=1.000 Y=1.000 Z=1.000) RuntimeBounds:IsValid=true, Min=(X=0.000 Y=0.000 Z=0.000), Max=(X=0.000 Y=0.000 Z=0.000) RuntimeGrid:None EditorOnly:false RuntimeOnly:false HLODRelevant:false ListedInSceneOutliner:true IsMainWorldOnly:false FolderPath:Lighting FolderGuid:B7E9BD5B45A652654791988DEF54CCEB
 |   |   |- Guid:2CE12F874AA39D020A0F4BA5739BD305 NativeClass:/Script/Engine.SkyAtmosphere Name:SkyAtmosphere_UAID_A85E45CFE40401D200_1470382762 Label:SkyAtmosphere SpatiallyLoaded:false EditorBounds:IsValid=true, Min=(X=-128.000 Y=-128.000 Z=-128.000), Max=(X=240.000 Y=128.000 Z=128.000) RuntimeBounds:IsValid=true, Min=(X=0.000 Y=0.000 Z=0.000), Max=(X=0.000 Y=0.000 Z=0.000) RuntimeGrid:None EditorOnly:false RuntimeOnly:false HLODRelevant:false ListedInSceneOutliner:true IsMainWorldOnly:false FolderPath:Lighting FolderGuid:B7E9BD5B45A652654791988DEF54CCEB
 |   |   |- Guid:2D04F3F94962ED3B2C4470968661FAF0 NativeClass:/Script/Engine.StaticMeshActor Name:StaticMeshActor_UAID_646EE0F0B283583002_1097868696 Label:paperstrip08 SpatiallyLoaded:true EditorBounds:IsValid=true, Min=(X=-117.504 Y=-17.472 Z=-8.044), Max=(X=-16.406 Y=-10.060 Z=-5.031) RuntimeBounds:IsValid=true, Min=(X=-117.504 Y=-17.472 Z=-8.044), Max=(X=-16.406 Y=-10.060 Z=-5.031) RuntimeGrid:None EditorOnly:false RuntimeOnly:false HLODRelevant:false ListedInSceneOutliner:true IsMainWorldOnly:false
 |   |   |- Guid:31AC1D844B2E239A1F4C5A8FB2F1BD5A NativeClass:/Script/Engine.StaticMeshActor Name:StaticMeshActor_UAID_646EE0F0B283573002_2129975519 Label:paperstrip09 SpatiallyLoaded:true EditorBounds:IsValid=true, Min=(X=-57.050 Y=-12.442 Z=-7.469), Max=(X=43.298 Y=-5.558 Z=-4.930) RuntimeBounds:IsValid=true, Min=(X=-57.050 Y=-12.442 Z=-7.469), Max=(X=43.298 Y=-5.558 Z=-4.930) RuntimeGrid:None EditorOnly:false RuntimeOnly:false HLODRelevant:false ListedInSceneOutliner:true IsMainWorldOnly:false
 |   |   |- Guid:3AEEF94A4F045CC0C53AFBB7D63672D6 NativeClass:/Script/Engine.StaticMeshActor Name:StaticMeshActor_UAID_646EE0F0B2838A4202_1203312479 Label:PaperSheet SpatiallyLoaded:true EditorBounds:IsValid=true, Min=(X=-60.116 Y=97.654 Z=-5.842), Max=(X=93.122 Y=208.769 Z=-0.626) RuntimeBounds:IsValid=true, Min=(X=-60.116 Y=97.654 Z=-5.842), Max=(X=93.122 Y=208.769 Z=-0.626) RuntimeGrid:None EditorOnly:false RuntimeOnly:false HLODRelevant:false ListedInSceneOutliner:true IsMainWorldOnly:false
 |   |   |- Guid:41A2B45147F7141E76F02689F89B1F3A NativeClass:/Script/Engine.StaticMeshActor Name:StaticMeshActor_UAID_646EE0F0B283573002_1947306515 Label:paperstrip13 SpatiallyLoaded:true EditorBounds:IsValid=true, Min=(X=-88.519 Y=-35.049 Z=-7.747), Max=(X=12.188 Y=-28.403 Z=-5.459) RuntimeBounds:IsValid=true, Min=(X=-88.519 Y=-35.049 Z=-7.747), Max=(X=12.188 Y=-28.403 Z=-5.459) RuntimeGrid:None EditorOnly:false RuntimeOnly:false HLODRelevant:false ListedInSceneOutliner:true IsMainWorldOnly:false
 |   |   |- Guid:507EF8EA402F49C69A41B7A4F766C67A NativeClass:/Script/Engine.StaticMeshActor Name:StaticMeshActor_UAID_646EE0F0B283583002_1129830697 Label:paperstrip07 SpatiallyLoaded:true EditorBounds:IsValid=true, Min=(X=-78.069 Y=-2.054 Z=-8.209), Max=(X=23.589 Y=5.196 Z=-5.364) RuntimeBounds:IsValid=true, Min=(X=-78.069 Y=-2.054 Z=-8.209), Max=(X=23.589 Y=5.196 Z=-5.364) RuntimeGrid:None EditorOnly:false RuntimeOnly:false HLODRelevant:false ListedInSceneOutliner:true IsMainWorldOnly:false
 |   |   |- Guid:5368FABB47D6D9580DAECA8B0417BF92 NativeClass:/Script/Engine.WorldDataLayers Name:WorldDataLayers Label:WorldDataLayers-1 SpatiallyLoaded:false EditorBounds:IsValid=false, Min=(X=0.000 Y=0.000 Z=0.000), Max=(X=0.000 Y=0.000 Z=0.000) RuntimeBounds:IsValid=false, Min=(X=0.000 Y=0.000 Z=0.000), Max=(X=0.000 Y=0.000 Z=0.000) RuntimeGrid:None EditorOnly:false RuntimeOnly:false HLODRelevant:false ListedInSceneOutliner:true IsMainWorldOnly:true
 |   |   |- Guid:5B6FBED545AB4E18E1BCB7A2CD84B65E NativeClass:/Script/Engine.StaticMeshActor Name:StaticMeshActor_UAID_646EE0F0B283583002_1187166699 Label:paperstrip05 SpatiallyLoaded:true EditorBounds:IsValid=true, Min=(X=-118.186 Y=10.173 Z=-7.507), Max=(X=-17.850 Y=16.191 Z=-5.322) RuntimeBounds:IsValid=true, Min=(X=-118.186 Y=10.173 Z=-7.507), Max=(X=-17.850 Y=16.191 Z=-5.322) RuntimeGrid:None EditorOnly:false RuntimeOnly:false HLODRelevant:false ListedInSceneOutliner:true IsMainWorldOnly:false
 |   |   |- Guid:6AA003774DEA9C04CF8442991C7AE386 NativeClass:/Script/Engine.StaticMeshActor Name:StaticMeshActor_UAID_646EE0F0B283573002_1636726512 Label:paperstrip16 SpatiallyLoaded:true EditorBounds:IsValid=true, Min=(X=-57.607 Y=-42.052 Z=-8.155), Max=(X=41.268 Y=-34.326 Z=-4.667) RuntimeBounds:IsValid=true, Min=(X=-57.607 Y=-42.052 Z=-8.155), Max=(X=41.268 Y=-34.326 Z=-4.667) RuntimeGrid:None EditorOnly:false RuntimeOnly:false HLODRelevant:false ListedInSceneOutliner:true IsMainWorldOnly:false
 |   |   |- Guid:804431F34165F997D15E8F95BA484AD3 NativeClass:/Script/Engine.StaticMeshActor Name:StaticMeshActor_UAID_646EE0F0B283573002_1901519514 Label:paperstrip14 SpatiallyLoaded:true EditorBounds:IsValid=true, Min=(X=-68.433 Y=-10.543 Z=-7.656), Max=(X=31.914 Y=-3.937 Z=-5.436) RuntimeBounds:IsValid=true, Min=(X=-68.433 Y=-10.543 Z=-7.656), Max=(X=31.914 Y=-3.937 Z=-5.436) RuntimeGrid:None EditorOnly:false RuntimeOnly:false HLODRelevant:false ListedInSceneOutliner:true IsMainWorldOnly:false
 |   |   |- Guid:8A27AEE5449479796312FA9AC9E06B40 NativeClass:/Script/Engine.StaticMeshActor Name:StaticMeshActor_UAID_646EE0F0B283602F02_2078663023 Label:Plane SpatiallyLoaded:true EditorBounds:IsValid=true, Min=(X=-220.000 Y=-470.000 Z=-10.000), Max=(X=280.000 Y=530.000 Z=-10.000) RuntimeBounds:IsValid=true, Min=(X=-220.000 Y=-470.000 Z=-10.000), Max=(X=280.000 Y=530.000 Z=-10.000) RuntimeGrid:None EditorOnly:false RuntimeOnly:false HLODRelevant:true ListedInSceneOutliner:true IsMainWorldOnly:false
 |   |   |- Guid:962D6BE34E7839A2A94E65B8F6CE5D43 NativeClass:/Script/Engine.PlayerStart Name:PlayerStart_UAID_F02F74551BF5599B01_1153002503 Label:PlayerStart SpatiallyLoaded:false EditorBounds:IsValid=true, Min=(X=-440.000 Y=-128.000 Z=-36.000), Max=(X=-72.000 Y=128.000 Z=220.000) RuntimeBounds:IsValid=true, Min=(X=-240.000 Y=-40.000 Z=0.000), Max=(X=-160.000 Y=40.000 Z=184.000) RuntimeGrid:None EditorOnly:false RuntimeOnly:false HLODRelevant:false ListedInSceneOutliner:true IsMainWorldOnly:false
 |   |   |- Guid:A064C74F42BAF09F547135A18C51FCE8 NativeClass:/Script/Engine.StaticMeshActor Name:StaticMeshActor_UAID_646EE0F0B283583002_1262208701 Label:paperstrip03 SpatiallyLoaded:true EditorBounds:IsValid=true, Min=(X=-108.017 Y=-89.107 Z=-7.599), Max=(X=-7.577 Y=-81.760 Z=-4.655) RuntimeBounds:IsValid=true, Min=(X=-108.017 Y=-89.107 Z=-7.599), Max=(X=-7.577 Y=-81.760 Z=-4.655) RuntimeGrid:None EditorOnly:false RuntimeOnly:false HLODRelevant:false ListedInSceneOutliner:true IsMainWorldOnly:false
 |   |   |- Guid:AAAC6B5742760A58C2206DB37E44683C NativeClass:/Script/Engine.DirectionalLight Name:DirectionalLight_UAID_A85E45CFE40401D200_1470382761 Label:DirectionalLight SpatiallyLoaded:false EditorBounds:IsValid=false, Min=(X=0.000 Y=0.000 Z=0.000), Max=(X=0.000 Y=0.000 Z=0.000) RuntimeBounds:IsValid=false, Min=(X=0.000 Y=0.000 Z=0.000), Max=(X=0.000 Y=0.000 Z=0.000) RuntimeGrid:None EditorOnly:false RuntimeOnly:false HLODRelevant:false ListedInSceneOutliner:true IsMainWorldOnly:true FolderPath:Lighting FolderGuid:B7E9BD5B45A652654791988DEF54CCEB
 |   |   |- Guid:B1F2C5CD45F83BC97ECF71A637611784 NativeClass:/Script/Engine.StaticMeshActor Name:StaticMeshActor_UAID_646EE0F0B283583002_1158612698 Label:paperstrip06 SpatiallyLoaded:true EditorBounds:IsValid=true, Min=(X=-48.192 Y=-55.758 Z=-8.210), Max=(X=52.514 Y=-49.443 Z=-5.535) RuntimeBounds:IsValid=true, Min=(X=-48.192 Y=-55.758 Z=-8.210), Max=(X=52.514 Y=-49.443 Z=-5.535) RuntimeGrid:None EditorOnly:false RuntimeOnly:false HLODRelevant:false ListedInSceneOutliner:true IsMainWorldOnly:false
 |   |   |- Guid:B312AEAD42F159C94CEF8FB9C249594C BaseClass:/Game/ShreddedPaper_minigame/Blueprints/Minigame_BP.Minigame_BP_C NativeClass:/Script/ArchiveMystery.Minigame Name:Minigame_BP_C_UAID_646EE0F0B283944D02_1223527855 Label:Minigame_BP SpatiallyLoaded:true EditorBounds:IsValid=true, Min=(X=-1010.000 Y=-960.000 Z=-870.000), Max=(X=1010.000 Y=1060.000 Z=1150.000) RuntimeBounds:IsValid=true, Min=(X=0.000 Y=50.000 Z=140.000), Max=(X=0.000 Y=50.000 Z=140.000) RuntimeGrid:None EditorOnly:false RuntimeOnly:false HLODRelevant:false ListedInSceneOutliner:true IsMainWorldOnly:false
 |   |   |- Guid:BC1A4C8F416512035F221CA5F2F219A2 NativeClass:/Script/Engine.StaticMeshActor Name:StaticMeshActor_UAID_646EE0F0B283583002_1292782702 Label:paperstrip02 SpatiallyLoaded:true EditorBounds:IsValid=true, Min=(X=-27.807 Y=36.293 Z=-7.792), Max=(X=72.408 Y=43.575 Z=-4.887) RuntimeBounds:IsValid=true, Min=(X=-27.807 Y=36.293 Z=-7.792), Max=(X=72.408 Y=43.575 Z=-4.887) RuntimeGrid:None EditorOnly:false RuntimeOnly:false HLODRelevant:false ListedInSceneOutliner:true IsMainWorldOnly:false
 |   |   |- Guid:C47A8A5F485B402C368CA683933E2FEB NativeClass:/Script/Engine.StaticMeshActor Name:StaticMeshActor_UAID_646EE0F0B283573002_2036877517 Label:paperstrip11 SpatiallyLoaded:true EditorBounds:IsValid=true, Min=(X=-97.690 Y=-23.680 Z=-7.737), Max=(X=2.407 Y=-17.251 Z=-4.987) RuntimeBounds:IsValid=true, Min=(X=-97.690 Y=-23.680 Z=-7.737), Max=(X=2.407 Y=-17.251 Z=-4.987) RuntimeGrid:None EditorOnly:false RuntimeOnly:false HLODRelevant:false ListedInSceneOutliner:true IsMainWorldOnly:false
 |   |   |- Guid:CCE04DE541F0D0955388238F6798E947 NativeClass:/Script/Engine.StaticMeshActor Name:StaticMeshActor_UAID_646EE0F0B283583002_1221714700 Label:paperstrip04 SpatiallyLoaded:true EditorBounds:IsValid=true, Min=(X=-88.019 Y=-64.404 Z=-7.327), Max=(X=12.336 Y=-58.031 Z=-4.654) RuntimeBounds:IsValid=true, Min=(X=-88.019 Y=-64.404 Z=-7.327), Max=(X=12.336 Y=-58.031 Z=-4.654) RuntimeGrid:None EditorOnly:false RuntimeOnly:false HLODRelevant:false ListedInSceneOutliner:true IsMainWorldOnly:false
 |   |   |- Guid:D3FB7383421AAEFD3DB6F8B1E415A9FE NativeClass:/Script/Engine.ExponentialHeightFog Name:ExponentialHeightFog_UAID_A85E45CFE40401D200_1470382763 Label:ExponentialHeightFog SpatiallyLoaded:false EditorBounds:IsValid=true, Min=(X=-5728.000 Y=-178.000 Z=-6978.000), Max=(X=-5472.000 Y=78.000 Z=-6722.000) RuntimeBounds:IsValid=true, Min=(X=-5600.000 Y=-50.000 Z=-6850.000), Max=(X=-5600.000 Y=-50.000 Z=-6850.000) RuntimeGrid:None EditorOnly:false RuntimeOnly:false HLODRelevant:false ListedInSceneOutliner:true IsMainWorldOnly:false FolderPath:Lighting FolderGuid:B7E9BD5B45A652654791988DEF54CCEB
 |   |   |- Guid:DFB340D646319C163308DDBA89403A66 NativeClass:/Script/Engine.StaticMeshActor Name:StaticMeshActor_UAID_646EE0F0B283573002_1984756516 Label:paperstrip12 SpatiallyLoaded:true EditorBounds:IsValid=true, Min=(X=-108.506 Y=30.507 Z=-7.738), Max=(X=-7.802 Y=37.164 Z=-5.457) RuntimeBounds:IsValid=true, Min=(X=-108.506 Y=30.507 Z=-7.738), Max=(X=-7.802 Y=37.164 Z=-5.457) RuntimeGrid:None EditorOnly:false RuntimeOnly:false HLODRelevant:false ListedInSceneOutliner:true IsMainWorldOnly:false
 |   |   |- Guid:EA8E36AA4010E3EB503C14AA78D03505 NativeClass:/Script/Engine.StaticMeshActor Name:StaticMeshActor_UAID_646EE0F0B283573002_2094617518 Label:paperstrip10 SpatiallyLoaded:true EditorBounds:IsValid=true, Min=(X=-97.002 Y=-48.000 Z=-7.502), Max=(X=3.200 Y=-41.167 Z=-4.925) RuntimeBounds:IsValid=true, Min=(X=-97.002 Y=-48.000 Z=-7.502), Max=(X=3.200 Y=-41.167 Z=-4.925) RuntimeGrid:None EditorOnly:false RuntimeOnly:false HLODRelevant:false ListedInSceneOutliner:true IsMainWorldOnly:false
 |   |   |- Guid:F61EE6A744CF9F39F40FC6A491155D65 NativeClass:/Script/Engine.StaticMeshActor Name:StaticMeshActor_UAID_646EE0F0B283583002_1320171703 Label:paperstrip01 SpatiallyLoaded:true EditorBounds:IsValid=true, Min=(X=-97.103 Y=71.546 Z=-8.098), Max=(X=2.220 Y=78.889 Z=-5.170) RuntimeBounds:IsValid=true, Min=(X=-97.103 Y=71.546 Z=-8.098), Max=(X=2.220 Y=78.889 Z=-5.170) RuntimeGrid:None EditorOnly:false RuntimeOnly:false HLODRelevant:false ListedInSceneOutliner:true IsMainWorldOnly:false
 |   |- [+] Clusters:
 |   |   |- [+] [  0]
 |   |   |   |- Guid:03920DF94EEFC9F86CC66185D32A3DA1 NativeClass:/Script/Engine.StaticMeshActor Name:StaticMeshActor_UAID_A4AE111137DC54FB00_1240666663 Label:SM_SkySphere SpatiallyLoaded:false EditorBounds:IsValid=true, Min=(X=-1638400.000 Y=-1638400.000 Z=-1638400.000), Max=(X=1638400.000 Y=1638400.000 Z=1638400.000) RuntimeBounds:IsValid=true, Min=(X=-1638400.000 Y=-1638400.000 Z=-1638400.000), Max=(X=1638400.000 Y=1638400.000 Z=1638400.000) RuntimeGrid:None EditorOnly:false RuntimeOnly:false HLODRelevant:false ListedInSceneOutliner:true IsMainWorldOnly:true FolderPath:Lighting FolderGuid:B7E9BD5B45A652654791988DEF54CCEB
 |   |   |- [+] [  1]
 |   |   |   |- Guid:102EFC9344640CDFFB68D5AE639B0BF0 NativeClass:/Script/Engine.StaticMeshActor Name:StaticMeshActor_UAID_646EE0F0B283573002_1758767513 Label:paperstrip15 SpatiallyLoaded:true EditorBounds:IsValid=true, Min=(X=-77.769 Y=13.894 Z=-8.012), Max=(X=21.836 Y=20.780 Z=-5.138) RuntimeBounds:IsValid=true, Min=(X=-77.769 Y=13.894 Z=-8.012), Max=(X=21.836 Y=20.780 Z=-5.138) RuntimeGrid:None EditorOnly:false RuntimeOnly:false HLODRelevant:false ListedInSceneOutliner:true IsMainWorldOnly:false
 |   |   |- [+] [  2]
 |   |   |   |- Guid:1D3D26F04B6DC10BEFB5B69E5CF914C8 NativeClass:/Script/Engine.VolumetricCloud Name:VolumetricCloud_UAID_A85E45CFE40401D200_1470381760 Label:VolumetricCloud SpatiallyLoaded:false EditorBounds:IsValid=true, Min=(X=-128.000 Y=-128.000 Z=-128.000), Max=(X=128.000 Y=128.000 Z=128.000) RuntimeBounds:IsValid=true, Min=(X=0.000 Y=0.000 Z=0.000), Max=(X=0.000 Y=0.000 Z=0.000) RuntimeGrid:None EditorOnly:false RuntimeOnly:false HLODRelevant:false ListedInSceneOutliner:true IsMainWorldOnly:false FolderPath:Lighting FolderGuid:B7E9BD5B45A652654791988DEF54CCEB
 |   |   |- [+] [  3]
 |   |   |   |- Guid:1DE8D7AC4103A2EABA11649C7FCF8ACA NativeClass:/Script/Engine.SkyLight Name:SkyLight_UAID_A85E45CFE40401D200_1470380759 Label:SkyLight SpatiallyLoaded:false EditorBounds:IsValid=true, Min=(X=-1.000 Y=-1.000 Z=-1.000), Max=(X=1.000 Y=1.000 Z=1.000) RuntimeBounds:IsValid=true, Min=(X=0.000 Y=0.000 Z=0.000), Max=(X=0.000 Y=0.000 Z=0.000) RuntimeGrid:None EditorOnly:false RuntimeOnly:false HLODRelevant:false ListedInSceneOutliner:true IsMainWorldOnly:false FolderPath:Lighting FolderGuid:B7E9BD5B45A652654791988DEF54CCEB
 |   |   |- [+] [  4]
 |   |   |   |- Guid:2CE12F874AA39D020A0F4BA5739BD305 NativeClass:/Script/Engine.SkyAtmosphere Name:SkyAtmosphere_UAID_A85E45CFE40401D200_1470382762 Label:SkyAtmosphere SpatiallyLoaded:false EditorBounds:IsValid=true, Min=(X=-128.000 Y=-128.000 Z=-128.000), Max=(X=240.000 Y=128.000 Z=128.000) RuntimeBounds:IsValid=true, Min=(X=0.000 Y=0.000 Z=0.000), Max=(X=0.000 Y=0.000 Z=0.000) RuntimeGrid:None EditorOnly:false RuntimeOnly:false HLODRelevant:false ListedInSceneOutliner:true IsMainWorldOnly:false FolderPath:Lighting FolderGuid:B7E9BD5B45A652654791988DEF54CCEB
 |   |   |- [+] [  5]
 |   |   |   |- Guid:2D04F3F94962ED3B2C4470968661FAF0 NativeClass:/Script/Engine.StaticMeshActor Name:StaticMeshActor_UAID_646EE0F0B283583002_1097868696 Label:paperstrip08 SpatiallyLoaded:true EditorBounds:IsValid=true, Min=(X=-117.504 Y=-17.472 Z=-8.044), Max=(X=-16.406 Y=-10.060 Z=-5.031) RuntimeBounds:IsValid=true, Min=(X=-117.504 Y=-17.472 Z=-8.044), Max=(X=-16.406 Y=-10.060 Z=-5.031) RuntimeGrid:None EditorOnly:false RuntimeOnly:false HLODRelevant:false ListedInSceneOutliner:true IsMainWorldOnly:false
 |   |   |- [+] [  6]
 |   |   |   |- Guid:31AC1D844B2E239A1F4C5A8FB2F1BD5A NativeClass:/Script/Engine.StaticMeshActor Name:StaticMeshActor_UAID_646EE0F0B283573002_2129975519 Label:paperstrip09 SpatiallyLoaded:true EditorBounds:IsValid=true, Min=(X=-57.050 Y=-12.442 Z=-7.469), Max=(X=43.298 Y=-5.558 Z=-4.930) RuntimeBounds:IsValid=true, Min=(X=-57.050 Y=-12.442 Z=-7.469), Max=(X=43.298 Y=-5.558 Z=-4.930) RuntimeGrid:None EditorOnly:false RuntimeOnly:false HLODRelevant:false ListedInSceneOutliner:true IsMainWorldOnly:false
 |   |   |- [+] [  7]
 |   |   |   |- Guid:3AEEF94A4F045CC0C53AFBB7D63672D6 NativeClass:/Script/Engine.StaticMeshActor Name:StaticMeshActor_UAID_646EE0F0B2838A4202_1203312479 Label:PaperSheet SpatiallyLoaded:true EditorBounds:IsValid=true, Min=(X=-60.116 Y=97.654 Z=-5.842), Max=(X=93.122 Y=208.769 Z=-0.626) RuntimeBounds:IsValid=true, Min=(X=-60.116 Y=97.654 Z=-5.842), Max=(X=93.122 Y=208.769 Z=-0.626) RuntimeGrid:None EditorOnly:false RuntimeOnly:false HLODRelevant:false ListedInSceneOutliner:true IsMainWorldOnly:false
 |   |   |   |- Guid:B312AEAD42F159C94CEF8FB9C249594C BaseClass:/Game/ShreddedPaper_minigame/Blueprints/Minigame_BP.Minigame_BP_C NativeClass:/Script/ArchiveMystery.Minigame Name:Minigame_BP_C_UAID_646EE0F0B283944D02_1223527855 Label:Minigame_BP SpatiallyLoaded:true EditorBounds:IsValid=true, Min=(X=-1010.000 Y=-960.000 Z=-870.000), Max=(X=1010.000 Y=1060.000 Z=1150.000) RuntimeBounds:IsValid=true, Min=(X=0.000 Y=50.000 Z=140.000), Max=(X=0.000 Y=50.000 Z=140.000) RuntimeGrid:None EditorOnly:false RuntimeOnly:false HLODRelevant:false ListedInSceneOutliner:true IsMainWorldOnly:false
 |   |   |- [+] [  8]
 |   |   |   |- Guid:41A2B45147F7141E76F02689F89B1F3A NativeClass:/Script/Engine.StaticMeshActor Name:StaticMeshActor_UAID_646EE0F0B283573002_1947306515 Label:paperstrip13 SpatiallyLoaded:true EditorBounds:IsValid=true, Min=(X=-88.519 Y=-35.049 Z=-7.747), Max=(X=12.188 Y=-28.403 Z=-5.459) RuntimeBounds:IsValid=true, Min=(X=-88.519 Y=-35.049 Z=-7.747), Max=(X=12.188 Y=-28.403 Z=-5.459) RuntimeGrid:None EditorOnly:false RuntimeOnly:false HLODRelevant:false ListedInSceneOutliner:true IsMainWorldOnly:false
 |   |   |- [+] [  9]
 |   |   |   |- Guid:507EF8EA402F49C69A41B7A4F766C67A NativeClass:/Script/Engine.StaticMeshActor Name:StaticMeshActor_UAID_646EE0F0B283583002_1129830697 Label:paperstrip07 SpatiallyLoaded:true EditorBounds:IsValid=true, Min=(X=-78.069 Y=-2.054 Z=-8.209), Max=(X=23.589 Y=5.196 Z=-5.364) RuntimeBounds:IsValid=true, Min=(X=-78.069 Y=-2.054 Z=-8.209), Max=(X=23.589 Y=5.196 Z=-5.364) RuntimeGrid:None EditorOnly:false RuntimeOnly:false HLODRelevant:false ListedInSceneOutliner:true IsMainWorldOnly:false
 |   |   |- [+] [ 10]
 |   |   |   |- Guid:5368FABB47D6D9580DAECA8B0417BF92 NativeClass:/Script/Engine.WorldDataLayers Name:WorldDataLayers Label:WorldDataLayers-1 SpatiallyLoaded:false EditorBounds:IsValid=false, Min=(X=0.000 Y=0.000 Z=0.000), Max=(X=0.000 Y=0.000 Z=0.000) RuntimeBounds:IsValid=false, Min=(X=0.000 Y=0.000 Z=0.000), Max=(X=0.000 Y=0.000 Z=0.000) RuntimeGrid:None EditorOnly:false RuntimeOnly:false HLODRelevant:false ListedInSceneOutliner:true IsMainWorldOnly:true
 |   |   |- [+] [ 11]
 |   |   |   |- Guid:5B6FBED545AB4E18E1BCB7A2CD84B65E NativeClass:/Script/Engine.StaticMeshActor Name:StaticMeshActor_UAID_646EE0F0B283583002_1187166699 Label:paperstrip05 SpatiallyLoaded:true EditorBounds:IsValid=true, Min=(X=-118.186 Y=10.173 Z=-7.507), Max=(X=-17.850 Y=16.191 Z=-5.322) RuntimeBounds:IsValid=true, Min=(X=-118.186 Y=10.173 Z=-7.507), Max=(X=-17.850 Y=16.191 Z=-5.322) RuntimeGrid:None EditorOnly:false RuntimeOnly:false HLODRelevant:false ListedInSceneOutliner:true IsMainWorldOnly:false
 |   |   |- [+] [ 12]
 |   |   |   |- Guid:6AA003774DEA9C04CF8442991C7AE386 NativeClass:/Script/Engine.StaticMeshActor Name:StaticMeshActor_UAID_646EE0F0B283573002_1636726512 Label:paperstrip16 SpatiallyLoaded:true EditorBounds:IsValid=true, Min=(X=-57.607 Y=-42.052 Z=-8.155), Max=(X=41.268 Y=-34.326 Z=-4.667) RuntimeBounds:IsValid=true, Min=(X=-57.607 Y=-42.052 Z=-8.155), Max=(X=41.268 Y=-34.326 Z=-4.667) RuntimeGrid:None EditorOnly:false RuntimeOnly:false HLODRelevant:false ListedInSceneOutliner:true IsMainWorldOnly:false
 |   |   |- [+] [ 13]
 |   |   |   |- Guid:804431F34165F997D15E8F95BA484AD3 NativeClass:/Script/Engine.StaticMeshActor Name:StaticMeshActor_UAID_646EE0F0B283573002_1901519514 Label:paperstrip14 SpatiallyLoaded:true EditorBounds:IsValid=true, Min=(X=-68.433 Y=-10.543 Z=-7.656), Max=(X=31.914 Y=-3.937 Z=-5.436) RuntimeBounds:IsValid=true, Min=(X=-68.433 Y=-10.543 Z=-7.656), Max=(X=31.914 Y=-3.937 Z=-5.436) RuntimeGrid:None EditorOnly:false RuntimeOnly:false HLODRelevant:false ListedInSceneOutliner:true IsMainWorldOnly:false
 |   |   |- [+] [ 14]
 |   |   |   |- Guid:8A27AEE5449479796312FA9AC9E06B40 NativeClass:/Script/Engine.StaticMeshActor Name:StaticMeshActor_UAID_646EE0F0B283602F02_2078663023 Label:Plane SpatiallyLoaded:true EditorBounds:IsValid=true, Min=(X=-220.000 Y=-470.000 Z=-10.000), Max=(X=280.000 Y=530.000 Z=-10.000) RuntimeBounds:IsValid=true, Min=(X=-220.000 Y=-470.000 Z=-10.000), Max=(X=280.000 Y=530.000 Z=-10.000) RuntimeGrid:None EditorOnly:false RuntimeOnly:false HLODRelevant:true ListedInSceneOutliner:true IsMainWorldOnly:false
 |   |   |- [+] [ 15]
 |   |   |   |- Guid:962D6BE34E7839A2A94E65B8F6CE5D43 NativeClass:/Script/Engine.PlayerStart Name:PlayerStart_UAID_F02F74551BF5599B01_1153002503 Label:PlayerStart SpatiallyLoaded:false EditorBounds:IsValid=true, Min=(X=-440.000 Y=-128.000 Z=-36.000), Max=(X=-72.000 Y=128.000 Z=220.000) RuntimeBounds:IsValid=true, Min=(X=-240.000 Y=-40.000 Z=0.000), Max=(X=-160.000 Y=40.000 Z=184.000) RuntimeGrid:None EditorOnly:false RuntimeOnly:false HLODRelevant:false ListedInSceneOutliner:true IsMainWorldOnly:false
 |   |   |- [+] [ 16]
 |   |   |   |- Guid:A064C74F42BAF09F547135A18C51FCE8 NativeClass:/Script/Engine.StaticMeshActor Name:StaticMeshActor_UAID_646EE0F0B283583002_1262208701 Label:paperstrip03 SpatiallyLoaded:true EditorBounds:IsValid=true, Min=(X=-108.017 Y=-89.107 Z=-7.599), Max=(X=-7.577 Y=-81.760 Z=-4.655) RuntimeBounds:IsValid=true, Min=(X=-108.017 Y=-89.107 Z=-7.599), Max=(X=-7.577 Y=-81.760 Z=-4.655) RuntimeGrid:None EditorOnly:false RuntimeOnly:false HLODRelevant:false ListedInSceneOutliner:true IsMainWorldOnly:false
 |   |   |- [+] [ 17]
 |   |   |   |- Guid:AAAC6B5742760A58C2206DB37E44683C NativeClass:/Script/Engine.DirectionalLight Name:DirectionalLight_UAID_A85E45CFE40401D200_1470382761 Label:DirectionalLight SpatiallyLoaded:false EditorBounds:IsValid=false, Min=(X=0.000 Y=0.000 Z=0.000), Max=(X=0.000 Y=0.000 Z=0.000) RuntimeBounds:IsValid=false, Min=(X=0.000 Y=0.000 Z=0.000), Max=(X=0.000 Y=0.000 Z=0.000) RuntimeGrid:None EditorOnly:false RuntimeOnly:false HLODRelevant:false ListedInSceneOutliner:true IsMainWorldOnly:true FolderPath:Lighting FolderGuid:B7E9BD5B45A652654791988DEF54CCEB
 |   |   |- [+] [ 18]
 |   |   |   |- Guid:B1F2C5CD45F83BC97ECF71A637611784 NativeClass:/Script/Engine.StaticMeshActor Name:StaticMeshActor_UAID_646EE0F0B283583002_1158612698 Label:paperstrip06 SpatiallyLoaded:true EditorBounds:IsValid=true, Min=(X=-48.192 Y=-55.758 Z=-8.210), Max=(X=52.514 Y=-49.443 Z=-5.535) RuntimeBounds:IsValid=true, Min=(X=-48.192 Y=-55.758 Z=-8.210), Max=(X=52.514 Y=-49.443 Z=-5.535) RuntimeGrid:None EditorOnly:false RuntimeOnly:false HLODRelevant:false ListedInSceneOutliner:true IsMainWorldOnly:false
 |   |   |- [+] [ 19]
 |   |   |   |- Guid:BC1A4C8F416512035F221CA5F2F219A2 NativeClass:/Script/Engine.StaticMeshActor Name:StaticMeshActor_UAID_646EE0F0B283583002_1292782702 Label:paperstrip02 SpatiallyLoaded:true EditorBounds:IsValid=true, Min=(X=-27.807 Y=36.293 Z=-7.792), Max=(X=72.408 Y=43.575 Z=-4.887) RuntimeBounds:IsValid=true, Min=(X=-27.807 Y=36.293 Z=-7.792), Max=(X=72.408 Y=43.575 Z=-4.887) RuntimeGrid:None EditorOnly:false RuntimeOnly:false HLODRelevant:false ListedInSceneOutliner:true IsMainWorldOnly:false
 |   |   |- [+] [ 20]
 |   |   |   |- Guid:C47A8A5F485B402C368CA683933E2FEB NativeClass:/Script/Engine.StaticMeshActor Name:StaticMeshActor_UAID_646EE0F0B283573002_2036877517 Label:paperstrip11 SpatiallyLoaded:true EditorBounds:IsValid=true, Min=(X=-97.690 Y=-23.680 Z=-7.737), Max=(X=2.407 Y=-17.251 Z=-4.987) RuntimeBounds:IsValid=true, Min=(X=-97.690 Y=-23.680 Z=-7.737), Max=(X=2.407 Y=-17.251 Z=-4.987) RuntimeGrid:None EditorOnly:false RuntimeOnly:false HLODRelevant:false ListedInSceneOutliner:true IsMainWorldOnly:false
 |   |   |- [+] [ 21]
 |   |   |   |- Guid:CCE04DE541F0D0955388238F6798E947 NativeClass:/Script/Engine.StaticMeshActor Name:StaticMeshActor_UAID_646EE0F0B283583002_1221714700 Label:paperstrip04 SpatiallyLoaded:true EditorBounds:IsValid=true, Min=(X=-88.019 Y=-64.404 Z=-7.327), Max=(X=12.336 Y=-58.031 Z=-4.654) RuntimeBounds:IsValid=true, Min=(X=-88.019 Y=-64.404 Z=-7.327), Max=(X=12.336 Y=-58.031 Z=-4.654) RuntimeGrid:None EditorOnly:false RuntimeOnly:false HLODRelevant:false ListedInSceneOutliner:true IsMainWorldOnly:false
 |   |   |- [+] [ 22]
 |   |   |   |- Guid:D3FB7383421AAEFD3DB6F8B1E415A9FE NativeClass:/Script/Engine.ExponentialHeightFog Name:ExponentialHeightFog_UAID_A85E45CFE40401D200_1470382763 Label:ExponentialHeightFog SpatiallyLoaded:false EditorBounds:IsValid=true, Min=(X=-5728.000 Y=-178.000 Z=-6978.000), Max=(X=-5472.000 Y=78.000 Z=-6722.000) RuntimeBounds:IsValid=true, Min=(X=-5600.000 Y=-50.000 Z=-6850.000), Max=(X=-5600.000 Y=-50.000 Z=-6850.000) RuntimeGrid:None EditorOnly:false RuntimeOnly:false HLODRelevant:false ListedInSceneOutliner:true IsMainWorldOnly:false FolderPath:Lighting FolderGuid:B7E9BD5B45A652654791988DEF54CCEB
 |   |   |- [+] [ 23]
 |   |   |   |- Guid:DFB340D646319C163308DDBA89403A66 NativeClass:/Script/Engine.StaticMeshActor Name:StaticMeshActor_UAID_646EE0F0B283573002_1984756516 Label:paperstrip12 SpatiallyLoaded:true EditorBounds:IsValid=true, Min=(X=-108.506 Y=30.507 Z=-7.738), Max=(X=-7.802 Y=37.164 Z=-5.457) RuntimeBounds:IsValid=true, Min=(X=-108.506 Y=30.507 Z=-7.738), Max=(X=-7.802 Y=37.164 Z=-5.457) RuntimeGrid:None EditorOnly:false RuntimeOnly:false HLODRelevant:false ListedInSceneOutliner:true IsMainWorldOnly:false
 |   |   |- [+] [ 24]
 |   |   |   |- Guid:EA8E36AA4010E3EB503C14AA78D03505 NativeClass:/Script/Engine.StaticMeshActor Name:StaticMeshActor_UAID_646EE0F0B283573002_2094617518 Label:paperstrip10 SpatiallyLoaded:true EditorBounds:IsValid=true, Min=(X=-97.002 Y=-48.000 Z=-7.502), Max=(X=3.200 Y=-41.167 Z=-4.925) RuntimeBounds:IsValid=true, Min=(X=-97.002 Y=-48.000 Z=-7.502), Max=(X=3.200 Y=-41.167 Z=-4.925) RuntimeGrid:None EditorOnly:false RuntimeOnly:false HLODRelevant:false ListedInSceneOutliner:true IsMainWorldOnly:false
 |   |   |- [+] [ 25]
 |   |   |   |- Guid:F61EE6A744CF9F39F40FC6A491155D65 NativeClass:/Script/Engine.StaticMeshActor Name:StaticMeshActor_UAID_646EE0F0B283583002_1320171703 Label:paperstrip01 SpatiallyLoaded:true EditorBounds:IsValid=true, Min=(X=-97.103 Y=71.546 Z=-8.098), Max=(X=2.220 Y=78.889 Z=-5.170) RuntimeBounds:IsValid=true, Min=(X=-97.103 Y=71.546 Z=-8.098), Max=(X=2.220 Y=78.889 Z=-5.170) RuntimeGrid:None EditorOnly:false RuntimeOnly:false HLODRelevant:false ListedInSceneOutliner:true IsMainWorldOnly:false
 |- ContainerInstances:
 |- [+] MainContainer:
 |   |-        ID: 00000000000000000000000000000000
 |   |-  ParentID: 00000000000000000000000000000000
 |   |-    Bounds: IsValid=true, Min=(X=-220.000 Y=-470.000 Z=-10.000), Max=(X=280.000 Y=530.000 Z=140.000)
 |   |- Transform: 0.000000,0.000000,0.000000|0.000000,0.000000,-0.000000|1.000000,1.000000,1.000000
 |   |- Container: /Game/ShreddedPaper_minigame/Minigame
----------------------------------------------------------------------------------------------------------------
Minigame - Persistent Level
----------------------------------------------------------------------------------------------------------------
[+] Content of Minigame Persistent Level
 |- Always loaded Actor Count: 8 
 |- Actor Path: /Game/ShreddedPaper_minigame/UEDPIE_0_Minigame.Minigame:PersistentLevel.DirectionalLight_UAID_A85E45CFE40401D200_1470382761
 |- Actor Package: /Game/ShreddedPaper_minigame/UEDPIE_0_Minigame_InstanceOf_/Game/__ExternalActors__/ShreddedPaper_minigame/Minigame/0/BQ/ZMIX7K1MGAB444CZGUG1YA
 |- Actor Path: /Game/ShreddedPaper_minigame/UEDPIE_0_Minigame.Minigame:PersistentLevel.ExponentialHeightFog_UAID_A85E45CFE40401D200_1470382763
 |- Actor Package: /Game/ShreddedPaper_minigame/UEDPIE_0_Minigame_InstanceOf_/Game/__ExternalActors__/ShreddedPaper_minigame/Minigame/E/R7/RPK3F0T06MSEI2JDO2CPU7
 |- Actor Path: /Game/ShreddedPaper_minigame/UEDPIE_0_Minigame.Minigame:PersistentLevel.PlayerStart_UAID_F02F74551BF5599B01_1153002503
 |- Actor Package: /Game/ShreddedPaper_minigame/UEDPIE_0_Minigame_InstanceOf_/Game/__ExternalActors__/ShreddedPaper_minigame/Minigame/C/74/P9EDGUEB3DK0FKOI0SD2VN
 |- Actor Path: /Game/ShreddedPaper_minigame/UEDPIE_0_Minigame.Minigame:PersistentLevel.SkyAtmosphere_UAID_A85E45CFE40401D200_1470382762
 |- Actor Package: /Game/ShreddedPaper_minigame/UEDPIE_0_Minigame_InstanceOf_/Game/__ExternalActors__/ShreddedPaper_minigame/Minigame/7/S5/OTIM60Q1CF9XKH0P0S9AML
 |- Actor Path: /Game/ShreddedPaper_minigame/UEDPIE_0_Minigame.Minigame:PersistentLevel.SkyLight_UAID_A85E45CFE40401D200_1470380759
 |- Actor Package: /Game/ShreddedPaper_minigame/UEDPIE_0_Minigame_InstanceOf_/Game/__ExternalActors__/ShreddedPaper_minigame/Minigame/8/TB/S9KHV4JWPK2JV7B44BTNYL
 |- Actor Path: /Game/ShreddedPaper_minigame/UEDPIE_0_Minigame.Minigame:PersistentLevel.StaticMeshActor_UAID_A4AE111137DC54FB00_1240666663
 |- Actor Package: /Game/ShreddedPaper_minigame/UEDPIE_0_Minigame_InstanceOf_/Game/__ExternalActors__/ShreddedPaper_minigame/Minigame/5/V7/AAYS2ZL7MX0FE0Y088JX7W
 |- Actor Path: /Game/ShreddedPaper_minigame/UEDPIE_0_Minigame.Minigame:PersistentLevel.VolumetricCloud_UAID_A85E45CFE40401D200_1470381760
 |- Actor Package: /Game/ShreddedPaper_minigame/UEDPIE_0_Minigame_InstanceOf_/Game/__ExternalActors__/ShreddedPaper_minigame/Minigame/A/5E/SZKRFOVTO857Y0GATRX2SP
 |- Actor Path: /Game/ShreddedPaper_minigame/UEDPIE_0_Minigame.Minigame:PersistentLevel.WorldDataLayers
 |- Actor Package: /Game/__ExternalActors__/ShreddedPaper_minigame/Minigame/8/UR/CXC4DNJ8RPKCTO7O6DE7H2

----------------------------------------------------------------------------------------------------------------
Minigame - Runtime Hash Set
----------------------------------------------------------------------------------------------------------------
[+] Content of Cell Minigame_MainGrid_L0_X0_Y-1_Z-1 (0O3525OU5SSQLJD3WYJ02ZNLQ)
 |- Actor Count: 1
 |- Content Bounds: IsValid=true, Min=(X=0.000 Y=-55.758 Z=-8.210), Max=(X=52.514 Y=-49.443 Z=-5.535)
 |- Cell Bounds: IsValid=true, Min=(X=0.000 Y=-25200.000 Z=-25200.000), Max=(X=25200.000 Y=0.000 Z=0.000)
 |- Is 2D: False
 |- [+] /Game/ShreddedPaper_minigame/UEDPIE_0_Minigame.Minigame:PersistentLevel.StaticMeshActor_UAID_646EE0F0B283583002_1158612698
 |   |-         Package: /Game/__ExternalActors__/ShreddedPaper_minigame/Minigame/B/35/WW8XECU1NQ72QK93AR0S0N
 |   |-     Editor Only: 0
 |   |-   Instance Guid: B1F2C5CD45F83BC97ECF71A637611784
 |   |- [+] Container:
 |   |   |-        ID: 00000000000000000000000000000000
 |   |   |- Transform: 0.000000,0.000000,0.000000|0.000000,0.000000,-0.000000|1.000000,1.000000,1.000000
[+] Content of Cell Minigame_MainGrid_L0_X-1_Y0_Z-1 (6ZTQTM9T2CAGXGO38K3SZCC37)
 |- Actor Count: 5
 |- Content Bounds: IsValid=true, Min=(X=-118.186 Y=0.000 Z=-8.209), Max=(X=0.000 Y=78.889 Z=-5.138)
 |- Cell Bounds: IsValid=true, Min=(X=-25200.000 Y=0.000 Z=-25200.000), Max=(X=0.000 Y=25200.000 Z=0.000)
 |- Is 2D: False
 |- [+] /Game/ShreddedPaper_minigame/UEDPIE_0_Minigame.Minigame:PersistentLevel.StaticMeshActor_UAID_646EE0F0B283573002_1758767513
 |   |-         Package: /Game/__ExternalActors__/ShreddedPaper_minigame/Minigame/4/HV/H5QAFK8PR5IE0GKEX3GXLY
 |   |-     Editor Only: 0
 |   |-   Instance Guid: 102EFC9344640CDFFB68D5AE639B0BF0
 |   |- [+] Container:
 |   |   |-        ID: 00000000000000000000000000000000
 |   |   |- Transform: 0.000000,0.000000,0.000000|0.000000,0.000000,-0.000000|1.000000,1.000000,1.000000
 |- [+] /Game/ShreddedPaper_minigame/UEDPIE_0_Minigame.Minigame:PersistentLevel.StaticMeshActor_UAID_646EE0F0B283583002_1129830697
 |   |-         Package: /Game/__ExternalActors__/ShreddedPaper_minigame/Minigame/5/5T/WJEEG6APVZC6Z4JH3R20A4
 |   |-     Editor Only: 0
 |   |-   Instance Guid: 507EF8EA402F49C69A41B7A4F766C67A
 |   |- [+] Container:
 |   |   |-        ID: 00000000000000000000000000000000
 |   |   |- Transform: 0.000000,0.000000,0.000000|0.000000,0.000000,-0.000000|1.000000,1.000000,1.000000
 |- [+] /Game/ShreddedPaper_minigame/UEDPIE_0_Minigame.Minigame:PersistentLevel.StaticMeshActor_UAID_646EE0F0B283583002_1187166699
 |   |-         Package: /Game/__ExternalActors__/ShreddedPaper_minigame/Minigame/B/IK/6ZSJMZ1ATO7H25I45SNUPQ
 |   |-     Editor Only: 0
 |   |-   Instance Guid: 5B6FBED545AB4E18E1BCB7A2CD84B65E
 |   |- [+] Container:
 |   |   |-        ID: 00000000000000000000000000000000
 |   |   |- Transform: 0.000000,0.000000,0.000000|0.000000,0.000000,-0.000000|1.000000,1.000000,1.000000
 |- [+] /Game/ShreddedPaper_minigame/UEDPIE_0_Minigame.Minigame:PersistentLevel.StaticMeshActor_UAID_646EE0F0B283573002_1984756516
 |   |-         Package: /Game/__ExternalActors__/ShreddedPaper_minigame/Minigame/2/G7/SBCX9QNHSM2H0H2T1FPQJ1
 |   |-     Editor Only: 0
 |   |-   Instance Guid: DFB340D646319C163308DDBA89403A66
 |   |- [+] Container:
 |   |   |-        ID: 00000000000000000000000000000000
 |   |   |- Transform: 0.000000,0.000000,0.000000|0.000000,0.000000,-0.000000|1.000000,1.000000,1.000000
 |- [+] /Game/ShreddedPaper_minigame/UEDPIE_0_Minigame.Minigame:PersistentLevel.StaticMeshActor_UAID_646EE0F0B283583002_1320171703
 |   |-         Package: /Game/__ExternalActors__/ShreddedPaper_minigame/Minigame/D/DD/3NPF07544137XGH1G2Z70Y
 |   |-     Editor Only: 0
 |   |-   Instance Guid: F61EE6A744CF9F39F40FC6A491155D65
 |   |- [+] Container:
 |   |   |-        ID: 00000000000000000000000000000000
 |   |   |- Transform: 0.000000,0.000000,0.000000|0.000000,0.000000,-0.000000|1.000000,1.000000,1.000000
[+] Content of Cell Minigame_MainGrid_L0_X0_Y0_Z-1 (7XMNI0WV4JL89TYRRJN3WCWU5)
 |- Actor Count: 2
 |- Content Bounds: IsValid=true, Min=(X=0.000 Y=0.000 Z=-10.000), Max=(X=280.000 Y=530.000 Z=-4.887)
 |- Cell Bounds: IsValid=true, Min=(X=0.000 Y=0.000 Z=-25200.000), Max=(X=25200.000 Y=25200.000 Z=0.000)
 |- Is 2D: False
 |- [+] /Game/ShreddedPaper_minigame/UEDPIE_0_Minigame.Minigame:PersistentLevel.StaticMeshActor_UAID_646EE0F0B283602F02_2078663023
 |   |-         Package: /Game/__ExternalActors__/ShreddedPaper_minigame/Minigame/E/N2/AI5JCJ9GW4Z3CZDCVPS5NU
 |   |-     Editor Only: 0
 |   |-   Instance Guid: 8A27AEE5449479796312FA9AC9E06B40
 |   |- [+] Container:
 |   |   |-        ID: 00000000000000000000000000000000
 |   |   |- Transform: 0.000000,0.000000,0.000000|0.000000,0.000000,-0.000000|1.000000,1.000000,1.000000
 |- [+] /Game/ShreddedPaper_minigame/UEDPIE_0_Minigame.Minigame:PersistentLevel.StaticMeshActor_UAID_646EE0F0B283583002_1292782702
 |   |-         Package: /Game/__ExternalActors__/ShreddedPaper_minigame/Minigame/D/92/4C1J7GRXGXHE9TXBOBKYF7
 |   |-     Editor Only: 0
 |   |-   Instance Guid: BC1A4C8F416512035F221CA5F2F219A2
 |   |- [+] Container:
 |   |   |-        ID: 00000000000000000000000000000000
 |   |   |- Transform: 0.000000,0.000000,0.000000|0.000000,0.000000,-0.000000|1.000000,1.000000,1.000000
[+] Content of Cell Minigame_MainGrid_L0_X-1_Y-1_Z-1 (BZVMUK8WP75HBLPV1EG4JB4XE)
 |- Actor Count: 9
 |- Content Bounds: IsValid=true, Min=(X=-117.504 Y=-89.107 Z=-8.155), Max=(X=0.000 Y=-3.937 Z=-4.654)
 |- Cell Bounds: IsValid=true, Min=(X=-25200.000 Y=-25200.000 Z=-25200.000), Max=(X=0.000 Y=0.000 Z=0.000)
 |- Is 2D: False
 |- [+] /Game/ShreddedPaper_minigame/UEDPIE_0_Minigame.Minigame:PersistentLevel.StaticMeshActor_UAID_646EE0F0B283583002_1097868696
 |   |-         Package: /Game/__ExternalActors__/ShreddedPaper_minigame/Minigame/C/9U/JQ865YA9IJHCWX0903DNMM
 |   |-     Editor Only: 0
 |   |-   Instance Guid: 2D04F3F94962ED3B2C4470968661FAF0
 |   |- [+] Container:
 |   |   |-        ID: 00000000000000000000000000000000
 |   |   |- Transform: 0.000000,0.000000,0.000000|0.000000,0.000000,-0.000000|1.000000,1.000000,1.000000
 |- [+] /Game/ShreddedPaper_minigame/UEDPIE_0_Minigame.Minigame:PersistentLevel.StaticMeshActor_UAID_646EE0F0B283573002_2129975519
 |   |-         Package: /Game/__ExternalActors__/ShreddedPaper_minigame/Minigame/3/82/7IPHWH3U57DJVRXWWJNQGB
 |   |-     Editor Only: 0
 |   |-   Instance Guid: 31AC1D844B2E239A1F4C5A8FB2F1BD5A
 |   |- [+] Container:
 |   |   |-        ID: 00000000000000000000000000000000
 |   |   |- Transform: 0.000000,0.000000,0.000000|0.000000,0.000000,-0.000000|1.000000,1.000000,1.000000
 |- [+] /Game/ShreddedPaper_minigame/UEDPIE_0_Minigame.Minigame:PersistentLevel.StaticMeshActor_UAID_646EE0F0B283573002_1947306515
 |   |-         Package: /Game/__ExternalActors__/ShreddedPaper_minigame/Minigame/4/EB/2AUUG4XVSI34ID2O1QCIY2
 |   |-     Editor Only: 0
 |   |-   Instance Guid: 41A2B45147F7141E76F02689F89B1F3A
 |   |- [+] Container:
 |   |   |-        ID: 00000000000000000000000000000000
 |   |   |- Transform: 0.000000,0.000000,0.000000|0.000000,0.000000,-0.000000|1.000000,1.000000,1.000000
 |- [+] /Game/ShreddedPaper_minigame/UEDPIE_0_Minigame.Minigame:PersistentLevel.StaticMeshActor_UAID_646EE0F0B283573002_1636726512
 |   |-         Package: /Game/__ExternalActors__/ShreddedPaper_minigame/Minigame/0/47/198K54CGAE9J4LO52UZ4X8
 |   |-     Editor Only: 0
 |   |-   Instance Guid: 6AA003774DEA9C04CF8442991C7AE386
 |   |- [+] Container:
 |   |   |-        ID: 00000000000000000000000000000000
 |   |   |- Transform: 0.000000,0.000000,0.000000|0.000000,0.000000,-0.000000|1.000000,1.000000,1.000000
 |- [+] /Game/ShreddedPaper_minigame/UEDPIE_0_Minigame.Minigame:PersistentLevel.StaticMeshActor_UAID_646EE0F0B283573002_1901519514
 |   |-         Package: /Game/__ExternalActors__/ShreddedPaper_minigame/Minigame/D/ZH/DBV8QZSQRCW1TS91Y4NTBU
 |   |-     Editor Only: 0
 |   |-   Instance Guid: 804431F34165F997D15E8F95BA484AD3
 |   |- [+] Container:
 |   |   |-        ID: 00000000000000000000000000000000
 |   |   |- Transform: 0.000000,0.000000,0.000000|0.000000,0.000000,-0.000000|1.000000,1.000000,1.000000
 |- [+] /Game/ShreddedPaper_minigame/UEDPIE_0_Minigame.Minigame:PersistentLevel.StaticMeshActor_UAID_646EE0F0B283583002_1262208701
 |   |-         Package: /Game/__ExternalActors__/ShreddedPaper_minigame/Minigame/C/VW/PQM750YX7RZL2ZCGTM6GJA
 |   |-     Editor Only: 0
 |   |-   Instance Guid: A064C74F42BAF09F547135A18C51FCE8
 |   |- [+] Container:
 |   |   |-        ID: 00000000000000000000000000000000
 |   |   |- Transform: 0.000000,0.000000,0.000000|0.000000,0.000000,-0.000000|1.000000,1.000000,1.000000
 |- [+] /Game/ShreddedPaper_minigame/UEDPIE_0_Minigame.Minigame:PersistentLevel.StaticMeshActor_UAID_646EE0F0B283573002_2036877517
 |   |-         Package: /Game/__ExternalActors__/ShreddedPaper_minigame/Minigame/9/IR/DI8UCUXH6KVG6H7LXN61KQ
 |   |-     Editor Only: 0
 |   |-   Instance Guid: C47A8A5F485B402C368CA683933E2FEB
 |   |- [+] Container:
 |   |   |-        ID: 00000000000000000000000000000000
 |   |   |- Transform: 0.000000,0.000000,0.000000|0.000000,0.000000,-0.000000|1.000000,1.000000,1.000000
 |- [+] /Game/ShreddedPaper_minigame/UEDPIE_0_Minigame.Minigame:PersistentLevel.StaticMeshActor_UAID_646EE0F0B283583002_1221714700
 |   |-         Package: /Game/__ExternalActors__/ShreddedPaper_minigame/Minigame/9/7O/MN6IV7TALEG7X4PXBUIUQ0
 |   |-     Editor Only: 0
 |   |-   Instance Guid: CCE04DE541F0D0955388238F6798E947
 |   |- [+] Container:
 |   |   |-        ID: 00000000000000000000000000000000
 |   |   |- Transform: 0.000000,0.000000,0.000000|0.000000,0.000000,-0.000000|1.000000,1.000000,1.000000
 |- [+] /Game/ShreddedPaper_minigame/UEDPIE_0_Minigame.Minigame:PersistentLevel.StaticMeshActor_UAID_646EE0F0B283573002_2094617518
 |   |-         Package: /Game/__ExternalActors__/ShreddedPaper_minigame/Minigame/4/LB/Q5S3AP3NYR8Z4UOHJTQ6WM
 |   |-     Editor Only: 0
 |   |-   Instance Guid: EA8E36AA4010E3EB503C14AA78D03505
 |   |- [+] Container:
 |   |   |-        ID: 00000000000000000000000000000000
 |   |   |- Transform: 0.000000,0.000000,0.000000|0.000000,0.000000,-0.000000|1.000000,1.000000,1.000000
[+] Content of Cell Minigame_MainGrid_L0_X0_Y0_Z0 (ELNOCATKT3ZV9A50TTARZ7V8G)
 |- Actor Count: 2
 |- Content Bounds: IsValid=true, Min=(X=0.000 Y=50.000 Z=0.000), Max=(X=93.122 Y=208.769 Z=140.000)
 |- Cell Bounds: IsValid=true, Min=(X=0.000 Y=0.000 Z=0.000), Max=(X=25200.000 Y=25200.000 Z=25200.000)
 |- Is 2D: False
 |- [+] /Game/ShreddedPaper_minigame/UEDPIE_0_Minigame.Minigame:PersistentLevel.StaticMeshActor_UAID_646EE0F0B2838A4202_1203312479
 |   |-         Package: /Game/__ExternalActors__/ShreddedPaper_minigame/Minigame/D/PK/ADTT0FJEZX7064TTHKUMR5
 |   |-     Editor Only: 0
 |   |-   Instance Guid: 3AEEF94A4F045CC0C53AFBB7D63672D6
 |   |- [+] Container:
 |   |   |-        ID: 00000000000000000000000000000000
 |   |   |- Transform: 0.000000,0.000000,0.000000|0.000000,0.000000,-0.000000|1.000000,1.000000,1.000000
 |- [+] /Game/ShreddedPaper_minigame/UEDPIE_0_Minigame.Minigame:PersistentLevel.Minigame_BP_C_UAID_646EE0F0B283944D02_1223527855
 |   |-         Package: /Game/__ExternalActors__/ShreddedPaper_minigame/Minigame/4/7U/KDZCNV78A788PBHALNN304
 |   |-     Editor Only: 0
 |   |-   Instance Guid: B312AEAD42F159C94CEF8FB9C249594C
 |   |- [+] Container:
 |   |   |-        ID: 00000000000000000000000000000000
 |   |   |- Transform: 0.000000,0.000000,0.000000|0.000000,0.000000,-0.000000|1.000000,1.000000,1.000000

